0 info it worked if it ends with ok
1 verbose cli [ '/Users/anish/.meteor/packages/meteor-tool/.1.4.1_1.dnj1cb++os.osx.x86_64+web.browser+web.cordova/mt-os.osx.x86_64/dev_bundle/bin/node',
1 verbose cli   '/Users/anish/.meteor/packages/meteor-tool/.1.4.1_1.dnj1cb++os.osx.x86_64+web.browser+web.cordova/mt-os.osx.x86_64/dev_bundle/bin/npm',
1 verbose cli   'start' ]
2 info using npm@3.10.6
3 info using node@v4.5.0
4 verbose config Skipping project config: /Users/anish/.npmrc. (matches userconfig)
5 verbose stack Error: ENOENT: no such file or directory, open '/Users/anish/package.json'
5 verbose stack     at Error (native)
6 verbose cwd /Users/anish/Anish/Programming_Workspaces/Web/SMC/BigThanks
7 error Darwin 15.6.0
8 error argv "/Users/anish/.meteor/packages/meteor-tool/.1.4.1_1.dnj1cb++os.osx.x86_64+web.browser+web.cordova/mt-os.osx.x86_64/dev_bundle/bin/node" "/Users/anish/.meteor/packages/meteor-tool/.1.4.1_1.dnj1cb++os.osx.x86_64+web.browser+web.cordova/mt-os.osx.x86_64/dev_bundle/bin/npm" "start"
9 error node v4.5.0
10 error npm  v3.10.6
11 error path /Users/anish/package.json
12 error code ENOENT
13 error errno -2
14 error syscall open
15 error enoent ENOENT: no such file or directory, open '/Users/anish/package.json'
16 error enoent ENOENT: no such file or directory, open '/Users/anish/package.json'
16 error enoent This is most likely not a problem with npm itself
16 error enoent and is related to npm not being able to find a file.
17 verbose exit [ -2, true ]
